Using pre-set license
Built from '2020.3/staging' branch; Version is '2020.3.4f1 (0abb6314276a) revision 703331'; Using compiler version '192528614'; Build Type 'Release'
OS: 'Windows 8.1  (6.3.0) 64bit' Language: 'ru' Physical Memory: 16305 MB
BatchMode: 1, IsHumanControllingUs: 0, StartBugReporterOnCrash: 0, Is64bit: 1, IsPro: 0

 COMMAND LINE ARGUMENTS:
C:\Program Files\Unity\Hub\Editor\2020.3.4f1\Editor\Unity.exe
-adb2
-batchMode
-noUpm
-name
AssetImportWorker0
-projectPath
C:/Users/S/source/repos/UNITY/Money_Marker/Money-Maker/Money_Maker
-logFile
Logs/AssetImportWorker0.log
-srvPort
54268
Successfully changed project path to: C:/Users/S/source/repos/UNITY/Money_Marker/Money-Maker/Money_Maker
C:/Users/S/source/repos/UNITY/Money_Marker/Money-Maker/Money_Maker
Using Asset Import Pipeline V2.
Refreshing native plugins compatible for Editor in 52.59 ms, found 1 plugins.
Preloading 0 native plugins for Editor in 0.00 ms.
Initialize engine version: 2020.3.4f1 (0abb6314276a)
[Subsystems] Discovering subsystems at path C:/Program Files/Unity/Hub/Editor/2020.3.4f1/Editor/Data/Resources/UnitySubsystems
[Subsystems] Discovering subsystems at path C:/Users/S/source/repos/UNITY/Money_Marker/Money-Maker/Money_Maker/Assets
GfxDevice: creating device client; threaded=0
d3d11: QueryInterface(IDXGIFactory5) failed (80004002).
Direct3D:
    Version:  Direct3D 11.0 [level 11.0]
    Renderer: NVIDIA GeForce GTX 950M           (ID=0x139a)
    Vendor:   
    VRAM:     1972 MB
    Driver:   9.18.13.4788
Initialize mono
Mono path[0] = 'C:/Program Files/Unity/Hub/Editor/2020.3.4f1/Editor/Data/Managed'
Mono path[1] = 'C:/Program Files/Unity/Hub/Editor/2020.3.4f1/Editor/Data/MonoBleedingEdge/lib/mono/unityjit'
Mono config path = 'C:/Program Files/Unity/Hub/Editor/2020.3.4f1/Editor/Data/MonoBleedingEdge/etc'
Using monoOptions --debugger-agent=transport=dt_socket,embedding=1,server=y,suspend=n,address=127.0.0.1:56468
Begin MonoManager ReloadAssembly
Registering precompiled unity dll's ...
Register platform support module: C:/Program Files/Unity/Hub/Editor/2020.3.4f1/Editor/Data/PlaybackEngines/WindowsStandaloneSupport/UnityEditor.WindowsStandalone.Extensions.dll
Registered in 0.001841 seconds.
Native extension for WindowsStandalone target not found
Refreshing native plugins compatible for Editor in 53.17 ms, found 1 plugins.
Preloading 0 native plugins for Editor in 0.00 ms.
Mono: successfully reloaded assembly
- Completed reload, in  1.221 seconds
Platform modules already initialized, skipping
Registering precompiled user dll's ...
Registered in 0.001306 seconds.
Begin MonoManager ReloadAssembly
Native extension for WindowsStandalone target not found
Refreshing native plugins compatible for Editor in 49.96 ms, found 1 plugins.
Preloading 0 native plugins for Editor in 0.00 ms.
Mono: successfully reloaded assembly
- Completed reload, in  1.167 seconds
Platform modules already initialized, skipping
========================================================================
Worker process is ready to serve import requests
Launched and connected shader compiler UnityShaderCompiler.exe after 0.04 seconds
Refreshing native plugins compatible for Editor in 0.42 ms, found 1 plugins.
Preloading 0 native plugins for Editor in 0.00 ms.
Unloading 1812 Unused Serialized files (Serialized files now loaded: 0)
System memory in use before: 87.6 MB.
System memory in use after: 87.7 MB.

Unloading 19 unused Assets to reduce memory usage. Loaded Objects now: 2259.
Total: 2.824987 ms (FindLiveObjects: 0.271456 ms CreateObjectMapping: 0.096974 ms MarkObjects: 2.373385 ms  DeleteObjects: 0.081402 ms)

========================================================================
Received Import Request.
  path: Assets/Scripts/Objects
  artifactKey: Guid(2e29a58163b5bb94ea4a61bebf7c8f57) Importer(815301076,1909f56bfc062723c751e8b465ee728b)
Start importing Assets/Scripts/Objects using Guid(2e29a58163b5bb94ea4a61bebf7c8f57) Importer(815301076,1909f56bfc062723c751e8b465ee728b)  -> (artifact id: '63a6d52eff0aa43f345fa4298ce42cd9') in 0.007833 seconds
  Import took 0.011596 seconds .

========================================================================
Received Import Request.
  Time since last request: 36.806194 seconds.
  path: Assets/Scripts/Objects/CameraFoloowAt.cs
  artifactKey: Guid(dc3774deb2221eb4d94eea526a38ed83) Importer(815301076,1909f56bfc062723c751e8b465ee728b)
Start importing Assets/Scripts/Objects/CameraFoloowAt.cs using Guid(dc3774deb2221eb4d94eea526a38ed83) Importer(815301076,1909f56bfc062723c751e8b465ee728b)  -> (artifact id: '385bcabdcf161e407cd88880243bb0cd') in 0.034984 seconds
  Import took 0.039862 seconds .

========================================================================
Received Prepare
Registering precompiled user dll's ...
Registered in 0.001801 seconds.
Begin MonoManager ReloadAssembly
Native extension for WindowsStandalone target not found
Refreshing native plugins compatible for Editor in 0.44 ms, found 1 plugins.
Preloading 0 native plugins for Editor in 0.00 ms.
Mono: successfully reloaded assembly
- Completed reload, in  1.013 seconds
Platform modules already initialized, skipping
Refreshing native plugins compatible for Editor in 0.47 ms, found 1 plugins.
Preloading 0 native plugins for Editor in 0.00 ms.
Unloading 1803 Unused Serialized files (Serialized files now loaded: 0)
System memory in use before: 87.1 MB.
System memory in use after: 87.2 MB.

Unloading 7 unused Assets to reduce memory usage. Loaded Objects now: 2264.
Total: 2.941780 ms (FindLiveObjects: 0.321005 ms CreateObjectMapping: 0.193594 ms MarkObjects: 2.408423 ms  DeleteObjects: 0.017342 ms)

========================================================================
Received Prepare
Registering precompiled user dll's ...
Registered in 0.001316 seconds.
Begin MonoManager ReloadAssembly
Native extension for WindowsStandalone target not found
Refreshing native plugins compatible for Editor in 0.46 ms, found 1 plugins.
Preloading 0 native plugins for Editor in 0.00 ms.
Mono: successfully reloaded assembly
- Completed reload, in  1.149 seconds
Platform modules already initialized, skipping
Refreshing native plugins compatible for Editor in 0.55 ms, found 1 plugins.
Preloading 0 native plugins for Editor in 0.00 ms.
Unloading 1803 Unused Serialized files (Serialized files now loaded: 0)
System memory in use before: 87.2 MB.
System memory in use after: 87.3 MB.

Unloading 7 unused Assets to reduce memory usage. Loaded Objects now: 2268.
Total: 3.273403 ms (FindLiveObjects: 0.328437 ms CreateObjectMapping: 0.086710 ms MarkObjects: 2.832419 ms  DeleteObjects: 0.023713 ms)

========================================================================
Received Import Request.
  Time since last request: 70.335416 seconds.
  path: Assets/Scripts/Objects/CameraFoloowAt.cs
  artifactKey: Guid(dc3774deb2221eb4d94eea526a38ed83) Importer(815301076,1909f56bfc062723c751e8b465ee728b)
Start importing Assets/Scripts/Objects/CameraFoloowAt.cs using Guid(dc3774deb2221eb4d94eea526a38ed83) Importer(815301076,1909f56bfc062723c751e8b465ee728b)  -> (artifact id: '254e426ec1f37b7d3bf71ad4a5524db8') in 0.009654 seconds
  Import took 0.014536 seconds .

========================================================================
Received Prepare
Registering precompiled user dll's ...
Registered in 0.001713 seconds.
Begin MonoManager ReloadAssembly
Native extension for WindowsStandalone target not found
Refreshing native plugins compatible for Editor in 0.64 ms, found 1 plugins.
Preloading 0 native plugins for Editor in 0.00 ms.
Mono: successfully reloaded assembly
- Completed reload, in  1.113 seconds
Platform modules already initialized, skipping
Refreshing native plugins compatible for Editor in 0.45 ms, found 1 plugins.
Preloading 0 native plugins for Editor in 0.00 ms.
Unloading 1803 Unused Serialized files (Serialized files now loaded: 0)
System memory in use before: 87.2 MB.
System memory in use after: 87.3 MB.

Unloading 7 unused Assets to reduce memory usage. Loaded Objects now: 2272.
Total: 3.575296 ms (FindLiveObjects: 0.323483 ms CreateObjectMapping: 0.191117 ms MarkObjects: 3.039462 ms  DeleteObjects: 0.019466 ms)

========================================================================
Received Prepare
Registering precompiled user dll's ...
Registered in 0.001260 seconds.
Begin MonoManager ReloadAssembly
Native extension for WindowsStandalone target not found
Refreshing native plugins compatible for Editor in 0.75 ms, found 1 plugins.
Preloading 0 native plugins for Editor in 0.00 ms.
Mono: successfully reloaded assembly
- Completed reload, in  0.986 seconds
Platform modules already initialized, skipping
Refreshing native plugins compatible for Editor in 0.45 ms, found 1 plugins.
Preloading 0 native plugins for Editor in 0.00 ms.
Unloading 1803 Unused Serialized files (Serialized files now loaded: 0)
System memory in use before: 87.2 MB.
System memory in use after: 87.3 MB.

Unloading 7 unused Assets to reduce memory usage. Loaded Objects now: 2276.
Total: 2.839144 ms (FindLiveObjects: 0.362060 ms CreateObjectMapping: 0.195718 ms MarkObjects: 2.263670 ms  DeleteObjects: 0.016280 ms)

========================================================================
Received Prepare
Registering precompiled user dll's ...
Registered in 0.001259 seconds.
Begin MonoManager ReloadAssembly
Native extension for WindowsStandalone target not found
Refreshing native plugins compatible for Editor in 0.47 ms, found 1 plugins.
Preloading 0 native plugins for Editor in 0.00 ms.
Mono: successfully reloaded assembly
- Completed reload, in  1.113 seconds
Platform modules already initialized, skipping
Refreshing native plugins compatible for Editor in 0.73 ms, found 1 plugins.
Preloading 0 native plugins for Editor in 0.00 ms.
Unloading 1803 Unused Serialized files (Serialized files now loaded: 0)
System memory in use before: 87.2 MB.
System memory in use after: 87.3 MB.

Unloading 7 unused Assets to reduce memory usage. Loaded Objects now: 2280.
Total: 3.256061 ms (FindLiveObjects: 0.558131 ms CreateObjectMapping: 0.297293 ms MarkObjects: 2.378694 ms  DeleteObjects: 0.019466 ms)

========================================================================
Received Prepare
Registering precompiled user dll's ...
Registered in 0.001274 seconds.
Begin MonoManager ReloadAssembly
Native extension for WindowsStandalone target not found
Refreshing native plugins compatible for Editor in 0.62 ms, found 1 plugins.
Preloading 0 native plugins for Editor in 0.00 ms.
Mono: successfully reloaded assembly
- Completed reload, in  1.183 seconds
Platform modules already initialized, skipping
Refreshing native plugins compatible for Editor in 0.48 ms, found 1 plugins.
Preloading 0 native plugins for Editor in 0.00 ms.
Unloading 1803 Unused Serialized files (Serialized files now loaded: 0)
System memory in use before: 87.2 MB.
System memory in use after: 87.3 MB.

Unloading 7 unused Assets to reduce memory usage. Loaded Objects now: 2284.
Total: 3.322244 ms (FindLiveObjects: 0.352150 ms CreateObjectMapping: 0.194302 ms MarkObjects: 2.751018 ms  DeleteObjects: 0.023005 ms)

========================================================================
Received Prepare
Registering precompiled user dll's ...
Registered in 0.001791 seconds.
Begin MonoManager ReloadAssembly
Native extension for WindowsStandalone target not found
Refreshing native plugins compatible for Editor in 0.51 ms, found 1 plugins.
Preloading 0 native plugins for Editor in 0.00 ms.
Mono: successfully reloaded assembly
- Completed reload, in  1.070 seconds
Platform modules already initialized, skipping
Refreshing native plugins compatible for Editor in 0.52 ms, found 1 plugins.
Preloading 0 native plugins for Editor in 0.00 ms.
Unloading 1803 Unused Serialized files (Serialized files now loaded: 0)
System memory in use before: 87.2 MB.
System memory in use after: 87.3 MB.

Unloading 7 unused Assets to reduce memory usage. Loaded Objects now: 2288.
Total: 3.365422 ms (FindLiveObjects: 0.484516 ms CreateObjectMapping: 0.249159 ms MarkObjects: 2.599894 ms  DeleteObjects: 0.029021 ms)

========================================================================
Received Prepare
Registering precompiled user dll's ...
Registered in 0.001267 seconds.
Begin MonoManager ReloadAssembly
Native extension for WindowsStandalone target not found
Refreshing native plugins compatible for Editor in 0.51 ms, found 1 plugins.
Preloading 0 native plugins for Editor in 0.00 ms.
Mono: successfully reloaded assembly
- Completed reload, in  1.075 seconds
Platform modules already initialized, skipping
Refreshing native plugins compatible for Editor in 0.43 ms, found 1 plugins.
Preloading 0 native plugins for Editor in 0.00 ms.
Unloading 1802 Unused Serialized files (Serialized files now loaded: 0)
System memory in use before: 87.2 MB.
System memory in use after: 87.3 MB.

Unloading 8 unused Assets to reduce memory usage. Loaded Objects now: 2291.
Total: 2.908158 ms (FindLiveObjects: 0.291984 ms CreateObjectMapping: 0.204212 ms MarkObjects: 2.382941 ms  DeleteObjects: 0.027960 ms)

========================================================================
Received Prepare
Registering precompiled user dll's ...
Registered in 0.001287 seconds.
Begin MonoManager ReloadAssembly
Native extension for WindowsStandalone target not found
Refreshing native plugins compatible for Editor in 0.44 ms, found 1 plugins.
Preloading 0 native plugins for Editor in 0.00 ms.
Mono: successfully reloaded assembly
- Completed reload, in  1.061 seconds
Platform modules already initialized, skipping
Refreshing native plugins compatible for Editor in 0.46 ms, found 1 plugins.
Preloading 0 native plugins for Editor in 0.00 ms.
Unloading 1802 Unused Serialized files (Serialized files now loaded: 0)
System memory in use before: 87.2 MB.
System memory in use after: 87.3 MB.

Unloading 7 unused Assets to reduce memory usage. Loaded Objects now: 2295.
Total: 3.381348 ms (FindLiveObjects: 0.573350 ms CreateObjectMapping: 0.207397 ms MarkObjects: 2.576535 ms  DeleteObjects: 0.021589 ms)

========================================================================
Received Prepare
Registering precompiled user dll's ...
Registered in 0.001244 seconds.
Begin MonoManager ReloadAssembly
Native extension for WindowsStandalone target not found
Refreshing native plugins compatible for Editor in 0.42 ms, found 1 plugins.
Preloading 0 native plugins for Editor in 0.00 ms.
Mono: successfully reloaded assembly
- Completed reload, in  1.080 seconds
Platform modules already initialized, skipping
Refreshing native plugins compatible for Editor in 0.46 ms, found 1 plugins.
Preloading 0 native plugins for Editor in 0.00 ms.
Unloading 1802 Unused Serialized files (Serialized files now loaded: 0)
System memory in use before: 87.2 MB.
System memory in use after: 87.4 MB.

Unloading 7 unused Assets to reduce memory usage. Loaded Objects now: 2299.
Total: 2.952398 ms (FindLiveObjects: 0.435321 ms CreateObjectMapping: 0.191117 ms MarkObjects: 2.306141 ms  DeleteObjects: 0.017342 ms)

========================================================================
Received Prepare
Registering precompiled user dll's ...
Registered in 0.001961 seconds.
Begin MonoManager ReloadAssembly
Native extension for WindowsStandalone target not found
Refreshing native plugins compatible for Editor in 0.53 ms, found 1 plugins.
Preloading 0 native plugins for Editor in 0.00 ms.
Mono: successfully reloaded assembly
- Completed reload, in  1.037 seconds
Platform modules already initialized, skipping
Refreshing native plugins compatible for Editor in 0.47 ms, found 1 plugins.
Preloading 0 native plugins for Editor in 0.00 ms.
Unloading 1802 Unused Serialized files (Serialized files now loaded: 0)
System memory in use before: 87.2 MB.
System memory in use after: 87.4 MB.

Unloading 7 unused Assets to reduce memory usage. Loaded Objects now: 2303.
Total: 2.669616 ms (FindLiveObjects: 0.221554 ms CreateObjectMapping: 0.084587 ms MarkObjects: 2.338347 ms  DeleteObjects: 0.024067 ms)

========================================================================
Received Import Request.
  Time since last request: 441.973377 seconds.
  path: Assets/Scripts/Players/PlayerControl.cs
  artifactKey: Guid(29fc6375192af914f8a70bd799a2e3b8) Importer(815301076,1909f56bfc062723c751e8b465ee728b)
Start importing Assets/Scripts/Players/PlayerControl.cs using Guid(29fc6375192af914f8a70bd799a2e3b8) Importer(815301076,1909f56bfc062723c751e8b465ee728b)  -> (artifact id: '3c2d5ba2b89800ff1889169c2bde71c9') in 0.133642 seconds
  Import took 0.137974 seconds .

========================================================================
Received Import Request.
  Time since last request: 9.617442 seconds.
  path: Assets/Scripts/Players/LookAtMouseAndRotate.cs
  artifactKey: Guid(94e2aa28b68eb994d8b90085efd3acd5) Importer(815301076,1909f56bfc062723c751e8b465ee728b)
Start importing Assets/Scripts/Players/LookAtMouseAndRotate.cs using Guid(94e2aa28b68eb994d8b90085efd3acd5) Importer(815301076,1909f56bfc062723c751e8b465ee728b)  -> (artifact id: '1da324347f4cee5c869db8df13799d12') in 0.007046 seconds
  Import took 0.012343 seconds .

========================================================================
Received Prepare
Registering precompiled user dll's ...
Registered in 0.001264 seconds.
Begin MonoManager ReloadAssembly
Native extension for WindowsStandalone target not found
Refreshing native plugins compatible for Editor in 0.47 ms, found 1 plugins.
Preloading 0 native plugins for Editor in 0.00 ms.
Mono: successfully reloaded assembly
- Completed reload, in  1.031 seconds
Platform modules already initialized, skipping
Refreshing native plugins compatible for Editor in 0.43 ms, found 1 plugins.
Preloading 0 native plugins for Editor in 0.00 ms.
Unloading 1802 Unused Serialized files (Serialized files now loaded: 0)
System memory in use before: 87.3 MB.
System memory in use after: 87.4 MB.

Unloading 7 unused Assets to reduce memory usage. Loaded Objects now: 2307.
Total: 3.185277 ms (FindLiveObjects: 0.315342 ms CreateObjectMapping: 0.177314 ms MarkObjects: 2.674217 ms  DeleteObjects: 0.016988 ms)

========================================================================
Received Import Request.
  Time since last request: 14.927291 seconds.
  path: Assets/Scripts/Players/LookAtMouseAndRotate.cs
  artifactKey: Guid(94e2aa28b68eb994d8b90085efd3acd5) Importer(815301076,1909f56bfc062723c751e8b465ee728b)
Start importing Assets/Scripts/Players/LookAtMouseAndRotate.cs using Guid(94e2aa28b68eb994d8b90085efd3acd5) Importer(815301076,1909f56bfc062723c751e8b465ee728b)  -> (artifact id: 'bbbc6fe2b2c3c89c2be43b43b7c20d65') in 0.008515 seconds
  Import took 0.012409 seconds .

========================================================================
Received Prepare
Registering precompiled user dll's ...
Registered in 0.001588 seconds.
Begin MonoManager ReloadAssembly
Native extension for WindowsStandalone target not found
Refreshing native plugins compatible for Editor in 0.59 ms, found 1 plugins.
Preloading 0 native plugins for Editor in 0.00 ms.
Mono: successfully reloaded assembly
- Completed reload, in  1.015 seconds
Platform modules already initialized, skipping
Refreshing native plugins compatible for Editor in 0.49 ms, found 1 plugins.
Preloading 0 native plugins for Editor in 0.00 ms.
Unloading 1802 Unused Serialized files (Serialized files now loaded: 0)
System memory in use before: 87.3 MB.
System memory in use after: 87.4 MB.

Unloading 7 unused Assets to reduce memory usage. Loaded Objects now: 2311.
Total: 2.933286 ms (FindLiveObjects: 0.329145 ms CreateObjectMapping: 0.231817 ms MarkObjects: 2.345426 ms  DeleteObjects: 0.025836 ms)

========================================================================
Received Prepare
Registering precompiled user dll's ...
Registered in 0.001777 seconds.
Begin MonoManager ReloadAssembly
Native extension for WindowsStandalone target not found
Refreshing native plugins compatible for Editor in 0.51 ms, found 1 plugins.
Preloading 0 native plugins for Editor in 0.00 ms.
Mono: successfully reloaded assembly
- Completed reload, in  1.350 seconds
Platform modules already initialized, skipping
Refreshing native plugins compatible for Editor in 0.47 ms, found 1 plugins.
Preloading 0 native plugins for Editor in 0.00 ms.
Unloading 1802 Unused Serialized files (Serialized files now loaded: 0)
System memory in use before: 87.3 MB.
System memory in use after: 87.4 MB.

Unloading 7 unused Assets to reduce memory usage. Loaded Objects now: 2315.
Total: 2.775438 ms (FindLiveObjects: 0.352858 ms CreateObjectMapping: 0.090957 ms MarkObjects: 2.311449 ms  DeleteObjects: 0.018758 ms)

========================================================================
Received Prepare
Registering precompiled user dll's ...
Registered in 0.001732 seconds.
Begin MonoManager ReloadAssembly
Native extension for WindowsStandalone target not found
Refreshing native plugins compatible for Editor in 0.50 ms, found 1 plugins.
Preloading 0 native plugins for Editor in 0.00 ms.
Mono: successfully reloaded assembly
- Completed reload, in  1.204 seconds
Platform modules already initialized, skipping
Refreshing native plugins compatible for Editor in 0.46 ms, found 1 plugins.
Preloading 0 native plugins for Editor in 0.00 ms.
Unloading 1802 Unused Serialized files (Serialized files now loaded: 0)
System memory in use before: 87.3 MB.
System memory in use after: 87.4 MB.

Unloading 7 unused Assets to reduce memory usage. Loaded Objects now: 2319.
Total: 3.183507 ms (FindLiveObjects: 0.431782 ms CreateObjectMapping: 0.195718 ms MarkObjects: 2.533711 ms  DeleteObjects: 0.019820 ms)

========================================================================
Received Prepare
Registering precompiled user dll's ...
Registered in 0.001907 seconds.
Begin MonoManager ReloadAssembly
Native extension for WindowsStandalone target not found
Refreshing native plugins compatible for Editor in 0.54 ms, found 1 plugins.
Preloading 0 native plugins for Editor in 0.00 ms.
Mono: successfully reloaded assembly
- Completed reload, in  1.600 seconds
Platform modules already initialized, skipping
Refreshing native plugins compatible for Editor in 0.51 ms, found 1 plugins.
Preloading 0 native plugins for Editor in 0.00 ms.
Unloading 1802 Unused Serialized files (Serialized files now loaded: 0)
System memory in use before: 87.3 MB.
System memory in use after: 87.4 MB.

Unloading 7 unused Assets to reduce memory usage. Loaded Objects now: 2323.
Total: 3.136436 ms (FindLiveObjects: 0.336932 ms CreateObjectMapping: 0.090603 ms MarkObjects: 2.684127 ms  DeleteObjects: 0.023005 ms)

========================================================================
Received Prepare
Registering precompiled user dll's ...
Registered in 0.002150 seconds.
Begin MonoManager ReloadAssembly
Native extension for WindowsStandalone target not found
Refreshing native plugins compatible for Editor in 0.51 ms, found 1 plugins.
Preloading 0 native plugins for Editor in 0.00 ms.
Mono: successfully reloaded assembly
- Completed reload, in  1.454 seconds
Platform modules already initialized, skipping
Refreshing native plugins compatible for Editor in 0.91 ms, found 1 plugins.
Preloading 0 native plugins for Editor in 0.00 ms.
Unloading 1802 Unused Serialized files (Serialized files now loaded: 0)
System memory in use before: 87.3 MB.
System memory in use after: 87.4 MB.

Unloading 7 unused Assets to reduce memory usage. Loaded Objects now: 2327.
Total: 3.570342 ms (FindLiveObjects: 0.363475 ms CreateObjectMapping: 0.088834 ms MarkObjects: 3.089719 ms  DeleteObjects: 0.027252 ms)

========================================================================
Received Prepare
Registering precompiled user dll's ...
Registered in 0.001965 seconds.
Begin MonoManager ReloadAssembly
Native extension for WindowsStandalone target not found
Refreshing native plugins compatible for Editor in 0.54 ms, found 1 plugins.
Preloading 0 native plugins for Editor in 0.00 ms.
Mono: successfully reloaded assembly
- Completed reload, in  2.137 seconds
Platform modules already initialized, skipping
Refreshing native plugins compatible for Editor in 0.93 ms, found 1 plugins.
Preloading 0 native plugins for Editor in 0.00 ms.
Unloading 1802 Unused Serialized files (Serialized files now loaded: 0)
System memory in use before: 87.3 MB.
System memory in use after: 87.4 MB.

Unloading 7 unused Assets to reduce memory usage. Loaded Objects now: 2331.
Total: 8.477792 ms (FindLiveObjects: 0.514599 ms CreateObjectMapping: 0.118209 ms MarkObjects: 7.815254 ms  DeleteObjects: 0.026190 ms)

========================================================================
Received Import Request.
  Time since last request: 6360.556871 seconds.
  path: Assets/Materials/Player
  artifactKey: Guid(dea2d7fece843624ab58284ba1ec7244) Importer(815301076,1909f56bfc062723c751e8b465ee728b)
Start importing Assets/Materials/Player using Guid(dea2d7fece843624ab58284ba1ec7244) Importer(815301076,1909f56bfc062723c751e8b465ee728b)  -> (artifact id: 'fa98949767afb9a63042e8a84d6f6f73') in 0.021636 seconds
  Import took 0.026413 seconds .

========================================================================
Received Import Request.
  Time since last request: 0.779542 seconds.
  path: Assets/Materials/Objects
  artifactKey: Guid(614088ce69d22394fade3fb25df8c3d7) Importer(815301076,1909f56bfc062723c751e8b465ee728b)
Start importing Assets/Materials/Objects using Guid(614088ce69d22394fade3fb25df8c3d7) Importer(815301076,1909f56bfc062723c751e8b465ee728b)  -> (artifact id: '86d721ad662c3bda5efeca8927382b61') in 0.006861 seconds
  Import took 0.011176 seconds .

========================================================================
Received Import Request.
  Time since last request: 71.690446 seconds.
  path: Assets/Prefabs/Player.prefab
  artifactKey: Guid(8526b8b2665400f45a73eef502c8a27f) Importer(815301076,1909f56bfc062723c751e8b465ee728b)
Start importing Assets/Prefabs/Player.prefab using Guid(8526b8b2665400f45a73eef502c8a27f) Importer(815301076,1909f56bfc062723c751e8b465ee728b)  -> (artifact id: '52b4f356d88a77509e58fde3de2fbe74') in 0.160840 seconds
  Import took 0.165611 seconds .

========================================================================
Received Import Request.
  Time since last request: 37.630977 seconds.
  path: Assets/Objects/Player
  artifactKey: Guid(5ea31b8814706374180e40efdcafc9e0) Importer(815301076,1909f56bfc062723c751e8b465ee728b)
Start importing Assets/Objects/Player using Guid(5ea31b8814706374180e40efdcafc9e0) Importer(815301076,1909f56bfc062723c751e8b465ee728b)  -> (artifact id: '1dc1a9739e41e65d0a06535e3248a980') in 0.008692 seconds
  Import took 0.016024 seconds .

========================================================================
Received Import Request.
  Time since last request: 0.000402 seconds.
  path: Assets/Objects/Player
  artifactKey: Guid(5ea31b8814706374180e40efdcafc9e0) Importer(815301076,1909f56bfc062723c751e8b465ee728b)
Start importing Assets/Objects/Player using Guid(5ea31b8814706374180e40efdcafc9e0) Importer(815301076,1909f56bfc062723c751e8b465ee728b)  -> (artifact id: '1dc1a9739e41e65d0a06535e3248a980') in 0.015080 seconds
  Import took 0.024006 seconds .

========================================================================
Received Import Request.
  Time since last request: 5.982732 seconds.
  path: Assets/Objects/Player/Player_Enemy.png
  artifactKey: Guid(e2710606eaa90bd43a989ab42e558a4c) Importer(815301076,1909f56bfc062723c751e8b465ee728b)
Start importing Assets/Objects/Player/Player_Enemy.png using Guid(e2710606eaa90bd43a989ab42e558a4c) Importer(815301076,1909f56bfc062723c751e8b465ee728b)  -> (artifact id: 'ad005bef62649b70769c0f7af70af119') in 0.175821 seconds
  Import took 0.181302 seconds .

========================================================================
Received Import Request.
  Time since last request: 152.887707 seconds.
  path: Assets/Objects/Player/Player_Enemy.png
  artifactKey: Guid(e2710606eaa90bd43a989ab42e558a4c) Importer(815301076,1909f56bfc062723c751e8b465ee728b)
Start importing Assets/Objects/Player/Player_Enemy.png using Guid(e2710606eaa90bd43a989ab42e558a4c) Importer(815301076,1909f56bfc062723c751e8b465ee728b)  -> (artifact id: 'aaef429dc1d30368b0cda3464a95d3a6') in 0.112631 seconds
  Import took 0.118558 seconds .

========================================================================
Received Import Request.
  Time since last request: 27.084081 seconds.
  path: Assets/Objects/Player/Player_Enemy.png
  artifactKey: Guid(e2710606eaa90bd43a989ab42e558a4c) Importer(815301076,1909f56bfc062723c751e8b465ee728b)
Start importing Assets/Objects/Player/Player_Enemy.png using Guid(e2710606eaa90bd43a989ab42e558a4c) Importer(815301076,1909f56bfc062723c751e8b465ee728b)  -> (artifact id: 'a344d3a03e94d80b1111ca67595a1fbe') in 0.084154 seconds
  Import took 0.089808 seconds .

========================================================================
Received Import Request.
  Time since last request: 1362.844028 seconds.
  path: Assets/Animation/Player/Body.controller
  artifactKey: Guid(d2c6d6e0880d3f94e925c90f4fb335d0) Importer(815301076,1909f56bfc062723c751e8b465ee728b)
Start importing Assets/Animation/Player/Body.controller using Guid(d2c6d6e0880d3f94e925c90f4fb335d0) Importer(815301076,1909f56bfc062723c751e8b465ee728b)  -> (artifact id: '9e9ff4f3a55a189fa046d85b9c5359d5') in 0.012648 seconds
  Import took 0.018403 seconds .

========================================================================
Received Import Request.
  Time since last request: 0.002546 seconds.
  path: Assets/Animation/Player/Body.controller
  artifactKey: Guid(d2c6d6e0880d3f94e925c90f4fb335d0) Importer(815301076,1909f56bfc062723c751e8b465ee728b)
Start importing Assets/Animation/Player/Body.controller using Guid(d2c6d6e0880d3f94e925c90f4fb335d0) Importer(815301076,1909f56bfc062723c751e8b465ee728b)  -> (artifact id: '9e9ff4f3a55a189fa046d85b9c5359d5') in 0.034643 seconds
  Import took 0.039682 seconds .

========================================================================
Received Import Request.
  Time since last request: 24.061634 seconds.
  path: Assets/Animation/Player/Player_walk.anim
  artifactKey: Guid(a6ed859afe93a74478739f2b9c3923b2) Importer(815301076,1909f56bfc062723c751e8b465ee728b)
Start importing Assets/Animation/Player/Player_walk.anim using Guid(a6ed859afe93a74478739f2b9c3923b2) Importer(815301076,1909f56bfc062723c751e8b465ee728b)  -> (artifact id: 'ed8d7c178fe07068efd4cd07512af44f') in 0.008333 seconds
  Import took 0.013359 seconds .

========================================================================
Received Import Request.
  Time since last request: 0.005281 seconds.
  path: Assets/Animation/Player/Player_walk.anim
  artifactKey: Guid(a6ed859afe93a74478739f2b9c3923b2) Importer(815301076,1909f56bfc062723c751e8b465ee728b)
Start importing Assets/Animation/Player/Player_walk.anim using Guid(a6ed859afe93a74478739f2b9c3923b2) Importer(815301076,1909f56bfc062723c751e8b465ee728b)  -> (artifact id: 'ed8d7c178fe07068efd4cd07512af44f') in 0.010430 seconds
  Import took 0.015315 seconds .

========================================================================
Received Import Request.
  Time since last request: 32.320253 seconds.
  path: Assets/Animation/Player/Player_Idle.anim
  artifactKey: Guid(01fa77b2bfa15ec45834cbcbb13e3bcf) Importer(815301076,1909f56bfc062723c751e8b465ee728b)
Start importing Assets/Animation/Player/Player_Idle.anim using Guid(01fa77b2bfa15ec45834cbcbb13e3bcf) Importer(815301076,1909f56bfc062723c751e8b465ee728b)  -> (artifact id: '919eae4159010fcb7725faa06cdeba7f') in 0.020690 seconds
  Import took 0.029792 seconds .

========================================================================
Received Import Request.
  Time since last request: 188.067713 seconds.
  path: Assets/Animation/Enemy/Body.controller
  artifactKey: Guid(ceb7b0b40b65fee41b8be380d0e639a4) Importer(815301076,1909f56bfc062723c751e8b465ee728b)
Start importing Assets/Animation/Enemy/Body.controller using Guid(ceb7b0b40b65fee41b8be380d0e639a4) Importer(815301076,1909f56bfc062723c751e8b465ee728b)  -> (artifact id: '17a275934058e53fc3205ed307efc9d1') in 0.006516 seconds
  Import took 0.012379 seconds .

========================================================================
Received Import Request.
  Time since last request: 66.217291 seconds.
  path: Assets/Animation/Enemy/Body.controller
  artifactKey: Guid(ceb7b0b40b65fee41b8be380d0e639a4) Importer(815301076,1909f56bfc062723c751e8b465ee728b)
Start importing Assets/Animation/Enemy/Body.controller using Guid(ceb7b0b40b65fee41b8be380d0e639a4) Importer(815301076,1909f56bfc062723c751e8b465ee728b)  -> (artifact id: '72dc42308e8ef1491e343a91cb338659') in 0.044756 seconds
  Import took 0.051546 seconds .

========================================================================
Received Prepare
Registering precompiled user dll's ...
Registered in 0.001004 seconds.
Begin MonoManager ReloadAssembly
Native extension for WindowsStandalone target not found
Refreshing native plugins compatible for Editor in 0.55 ms, found 1 plugins.
Preloading 0 native plugins for Editor in 0.00 ms.
Mono: successfully reloaded assembly
- Completed reload, in  1.146 seconds
Platform modules already initialized, skipping
Refreshing native plugins compatible for Editor in 0.46 ms, found 1 plugins.
Preloading 0 native plugins for Editor in 0.00 ms.
Unloading 1802 Unused Serialized files (Serialized files now loaded: 0)
System memory in use before: 90.5 MB.
System memory in use after: 90.6 MB.

Unloading 7 unused Assets to reduce memory usage. Loaded Objects now: 2392.
Total: 3.102460 ms (FindLiveObjects: 0.327022 ms CreateObjectMapping: 0.093435 ms MarkObjects: 2.660060 ms  DeleteObjects: 0.019466 ms)

========================================================================
Received Import Request.
  Time since last request: 2319.784546 seconds.
  path: Assets/Objects/Player/Player_Enemy.png
  artifactKey: Guid(e2710606eaa90bd43a989ab42e558a4c) Importer(815301076,1909f56bfc062723c751e8b465ee728b)
Start importing Assets/Objects/Player/Player_Enemy.png using Guid(e2710606eaa90bd43a989ab42e558a4c) Importer(815301076,1909f56bfc062723c751e8b465ee728b)  -> (artifact id: '6f3083a55c79ef2a5dbc5d6e250d169e') in 0.191331 seconds
  Import took 0.196859 seconds .

========================================================================
Received Import Request.
  Time since last request: 100.290450 seconds.
  path: Assets/Objects/Player/Player_Enemy.png
  artifactKey: Guid(e2710606eaa90bd43a989ab42e558a4c) Importer(815301076,1909f56bfc062723c751e8b465ee728b)
Start importing Assets/Objects/Player/Player_Enemy.png using Guid(e2710606eaa90bd43a989ab42e558a4c) Importer(815301076,1909f56bfc062723c751e8b465ee728b)  -> (artifact id: 'd06809a4461f53dfb49c535366d79252') in 0.105368 seconds
  Import took 0.110440 seconds .

========================================================================
Received Import Request.
  Time since last request: 1595.662684 seconds.
  path: Assets/Objects/Player/Player_Enemy.png
  artifactKey: Guid(e2710606eaa90bd43a989ab42e558a4c) Importer(815301076,1909f56bfc062723c751e8b465ee728b)
Start importing Assets/Objects/Player/Player_Enemy.png using Guid(e2710606eaa90bd43a989ab42e558a4c) Importer(815301076,1909f56bfc062723c751e8b465ee728b)  -> (artifact id: '2f1c78b22c6c32d640331f2325305301') in 0.142161 seconds
  Import took 0.147525 seconds .

========================================================================
Received Import Request.
  Time since last request: 21.053313 seconds.
  path: Assets/Scripts
  artifactKey: Guid(5d85bfc0e4d111f4991e949857ac6dff) Importer(815301076,1909f56bfc062723c751e8b465ee728b)
Start importing Assets/Scripts using Guid(5d85bfc0e4d111f4991e949857ac6dff) Importer(815301076,1909f56bfc062723c751e8b465ee728b)  -> (artifact id: '9662fcae783d8781c3c2b3cca4298ca0') in 0.021217 seconds
  Import took 0.026835 seconds .

========================================================================
Received Import Request.
  Time since last request: 7.223192 seconds.
  path: Assets/Scripts/Enemy
  artifactKey: Guid(0dc9cd5d8286f604faa3292895787f63) Importer(815301076,1909f56bfc062723c751e8b465ee728b)
Start importing Assets/Scripts/Enemy using Guid(0dc9cd5d8286f604faa3292895787f63) Importer(815301076,1909f56bfc062723c751e8b465ee728b)  -> (artifact id: '3d8ca366277507fe822a100283eb1255') in 0.057750 seconds
  Import took 0.065944 seconds .

========================================================================
Received Import Request.
  Time since last request: 9.439687 seconds.
  path: Assets/Scripts/Enemy/Enemy.cs
  artifactKey: Guid(98e9b7424b618ae4abbc0eaaf5fb6943) Importer(815301076,1909f56bfc062723c751e8b465ee728b)
Start importing Assets/Scripts/Enemy/Enemy.cs using Guid(98e9b7424b618ae4abbc0eaaf5fb6943) Importer(815301076,1909f56bfc062723c751e8b465ee728b)  -> (artifact id: '319797f678892bef3964e13618ad52c5') in 0.006808 seconds
  Import took 0.011696 seconds .

========================================================================
Received Prepare
Registering precompiled user dll's ...
Registered in 0.001470 seconds.
Begin MonoManager ReloadAssembly
Native extension for WindowsStandalone target not found
Refreshing native plugins compatible for Editor in 1.52 ms, found 1 plugins.
Preloading 0 native plugins for Editor in 0.00 ms.
Mono: successfully reloaded assembly
- Completed reload, in  1.233 seconds
Platform modules already initialized, skipping
Refreshing native plugins compatible for Editor in 0.42 ms, found 1 plugins.
Preloading 0 native plugins for Editor in 0.00 ms.
Unloading 1803 Unused Serialized files (Serialized files now loaded: 0)
System memory in use before: 90.5 MB.
System memory in use after: 90.7 MB.

Unloading 7 unused Assets to reduce memory usage. Loaded Objects now: 2398.
Total: 2.859671 ms (FindLiveObjects: 0.353566 ms CreateObjectMapping: 0.225801 ms MarkObjects: 2.249513 ms  DeleteObjects: 0.029021 ms)

========================================================================
Received Prepare
Registering precompiled user dll's ...
Registered in 0.001261 seconds.
Begin MonoManager ReloadAssembly
Native extension for WindowsStandalone target not found
Refreshing native plugins compatible for Editor in 0.46 ms, found 1 plugins.
Preloading 0 native plugins for Editor in 0.00 ms.
Mono: successfully reloaded assembly
- Completed reload, in  1.076 seconds
Platform modules already initialized, skipping
Refreshing native plugins compatible for Editor in 0.45 ms, found 1 plugins.
Preloading 0 native plugins for Editor in 0.00 ms.
Unloading 1803 Unused Serialized files (Serialized files now loaded: 0)
System memory in use before: 90.6 MB.
System memory in use after: 90.7 MB.

Unloading 7 unused Assets to reduce memory usage. Loaded Objects now: 2402.
Total: 3.123695 ms (FindLiveObjects: 0.345780 ms CreateObjectMapping: 0.201026 ms MarkObjects: 2.558839 ms  DeleteObjects: 0.016280 ms)

========================================================================
Received Import Request.
  Time since last request: 1218.827505 seconds.
  path: Assets/Scripts/Enemy/Enemy.cs
  artifactKey: Guid(98e9b7424b618ae4abbc0eaaf5fb6943) Importer(815301076,1909f56bfc062723c751e8b465ee728b)
Start importing Assets/Scripts/Enemy/Enemy.cs using Guid(98e9b7424b618ae4abbc0eaaf5fb6943) Importer(815301076,1909f56bfc062723c751e8b465ee728b)  -> (artifact id: 'bf3bcdaf1042ebcb5c6895ac471124aa') in 0.008233 seconds
  Import took 0.012355 seconds .

